<?xml version="1.0" encoding="UTF-8"?>
<!-- Generated by org.testng.reporters.JUnitReportReporter -->
<testsuite hostname="hemaSudha" failures="0" tests="2" name="com.example.healthcare.CapstoneprojectMedicareApplicationTests" time="19.579" errors="0" timestamp="2022-07-22T19:53:25 IST" skipped="0">
  <testcase classname="com.example.healthcare.CapstoneprojectMedicareApplicationTests" name="UserLoginTest" time="12.273"/>
  <system-out/>
  <testcase classname="com.example.healthcare.CapstoneprojectMedicareApplicationTests" name="AdminLoginTest" time="7.306"/>
  <system-out/>
</testsuite> <!-- com.example.healthcare.CapstoneprojectMedicareApplicationTests -->
